- 0:0:0:0:0:0:0:1 - [11/Jul/2019:21:27:14 +0800] null null 400 2255 61
- 0:0:0:0:0:0:0:1 - [11/Jul/2019:21:27:14 +0800] null null 400 2255 61
- 0:0:0:0:0:0:0:1 - [11/Jul/2019:21:27:14 +0800] null null 400 2255 1
- 0:0:0:0:0:0:0:1 - [11/Jul/2019:21:27:30 +0800] null null 400 2255 0
- 0:0:0:0:0:0:0:1 - [11/Jul/2019:21:27:30 +0800] null null 400 2255 1
- 0:0:0:0:0:0:0:1 - [11/Jul/2019:21:27:30 +0800] null null 400 2255 1
- 0:0:0:0:0:0:0:1 - [11/Jul/2019:21:27:30 +0800] null null 400 2255 1
- 0:0:0:0:0:0:0:1 - [11/Jul/2019:21:27:32 +0800] null null 400 2255 1
- 0:0:0:0:0:0:0:1 - [11/Jul/2019:21:27:32 +0800] null null 400 2255 2
- 0:0:0:0:0:0:0:1 - [11/Jul/2019:21:27:32 +0800] null null 400 2255 1
- 0:0:0:0:0:0:0:1 - [11/Jul/2019:21:27:32 +0800] null null 400 2255 1
- 0:0:0:0:0:0:0:1 - [11/Jul/2019:21:27:39 +0800] null null 400 2255 1
- 0:0:0:0:0:0:0:1 - [11/Jul/2019:21:27:39 +0800] null null 400 2255 1
- 0:0:0:0:0:0:0:1 - [11/Jul/2019:21:27:39 +0800] null null 400 2255 1
- 0:0:0:0:0:0:0:1 - [11/Jul/2019:21:27:39 +0800] null null 400 2255 1
- 0:0:0:0:0:0:0:1 - [11/Jul/2019:21:27:42 +0800] null null 400 2255 0
- 0:0:0:0:0:0:0:1 - [11/Jul/2019:21:27:42 +0800] null null 400 2255 1
- 0:0:0:0:0:0:0:1 - [11/Jul/2019:21:27:42 +0800] null null 400 2255 1
- 0:0:0:0:0:0:0:1 - [11/Jul/2019:21:27:42 +0800] null null 400 2255 1
- 0:0:0:0:0:0:0:1 - [11/Jul/2019:21:28:17 +0800] null null 400 2255 54
- 0:0:0:0:0:0:0:1 - [11/Jul/2019:21:28:17 +0800] null null 400 2255 54
- 0:0:0:0:0:0:0:1 - [11/Jul/2019:21:28:17 +0800] null null 400 2255 1
- 0:0:0:0:0:0:0:1 - [11/Jul/2019:21:28:20 +0800] null null 400 2255 0
- 0:0:0:0:0:0:0:1 - [11/Jul/2019:21:28:20 +0800] null null 400 2255 0
- 0:0:0:0:0:0:0:1 - [11/Jul/2019:21:28:20 +0800] null null 400 2255 1
- 0:0:0:0:0:0:0:1 - [11/Jul/2019:21:28:20 +0800] null null 400 2255 0
- 0:0:0:0:0:0:0:1 - [11/Jul/2019:21:28:22 +0800] null null 400 2255 1
- 0:0:0:0:0:0:0:1 - [11/Jul/2019:21:28:22 +0800] null null 400 2255 1
- 0:0:0:0:0:0:0:1 - [11/Jul/2019:21:28:22 +0800] null null 400 2255 1
- 0:0:0:0:0:0:0:1 - [11/Jul/2019:21:28:22 +0800] null null 400 2255 1
- 0:0:0:0:0:0:0:1 - [11/Jul/2019:21:28:22 +0800] null null 400 2255 1
- 0:0:0:0:0:0:0:1 - [11/Jul/2019:21:28:22 +0800] null null 400 2255 1
- 0:0:0:0:0:0:0:1 - [11/Jul/2019:21:28:22 +0800] null null 400 2255 2
- 0:0:0:0:0:0:0:1 - [11/Jul/2019:21:28:22 +0800] null null 400 2255 2
- 0:0:0:0:0:0:0:1 - [11/Jul/2019:21:28:22 +0800] null null 400 2255 2
- 0:0:0:0:0:0:0:1 - [11/Jul/2019:21:28:22 +0800] null null 400 2255 1
- 0:0:0:0:0:0:0:1 - [11/Jul/2019:21:28:22 +0800] null null 400 2255 1
- 0:0:0:0:0:0:0:1 - [11/Jul/2019:21:28:22 +0800] null null 400 2255 0
- 0:0:0:0:0:0:0:1 - [11/Jul/2019:21:28:22 +0800] null null 400 2255 1
- 0:0:0:0:0:0:0:1 - [11/Jul/2019:21:28:22 +0800] null null 400 2255 1
- 0:0:0:0:0:0:0:1 - [11/Jul/2019:21:28:22 +0800] null null 400 2255 0
- 0:0:0:0:0:0:0:1 - [11/Jul/2019:21:28:22 +0800] null null 400 2255 0
- 0:0:0:0:0:0:0:1 - [11/Jul/2019:21:28:23 +0800] null null 400 2255 1
- 0:0:0:0:0:0:0:1 - [11/Jul/2019:21:28:23 +0800] null null 400 2255 2
- 0:0:0:0:0:0:0:1 - [11/Jul/2019:21:28:23 +0800] null null 400 2255 1
- 0:0:0:0:0:0:0:1 - [11/Jul/2019:21:28:23 +0800] null null 400 2255 1
- 0:0:0:0:0:0:0:1 - [11/Jul/2019:21:28:25 +0800] null null 400 2255 1
- 0:0:0:0:0:0:0:1 - [11/Jul/2019:21:28:25 +0800] null null 400 2255 1
- 0:0:0:0:0:0:0:1 - [11/Jul/2019:21:28:25 +0800] null null 400 2255 1
- 0:0:0:0:0:0:0:1 - [11/Jul/2019:21:28:25 +0800] null null 400 2255 1
- 0:0:0:0:0:0:0:1 - [11/Jul/2019:21:28:28 +0800] null null 400 2255 1
- 0:0:0:0:0:0:0:1 - [11/Jul/2019:21:28:28 +0800] null null 400 2255 1
- 0:0:0:0:0:0:0:1 - [11/Jul/2019:21:28:28 +0800] null null 400 2255 0
- 0:0:0:0:0:0:0:1 - [11/Jul/2019:21:28:28 +0800] null null 400 2255 1
- 0:0:0:0:0:0:0:1 - [11/Jul/2019:21:28:28 +0800] null null 400 2255 1
- 0:0:0:0:0:0:0:1 - [11/Jul/2019:21:28:28 +0800] null null 400 2255 0
- 0:0:0:0:0:0:0:1 - [11/Jul/2019:21:28:28 +0800] null null 400 2255 0
- 0:0:0:0:0:0:0:1 - [11/Jul/2019:21:28:28 +0800] null null 400 2255 1
- 0:0:0:0:0:0:0:1 - [11/Jul/2019:21:28:28 +0800] null null 400 2255 1
- 0:0:0:0:0:0:0:1 - [11/Jul/2019:21:28:28 +0800] null null 400 2255 0
- 0:0:0:0:0:0:0:1 - [11/Jul/2019:21:28:28 +0800] null null 400 2255 0
- 0:0:0:0:0:0:0:1 - [11/Jul/2019:21:28:28 +0800] null null 400 2255 1
- 0:0:0:0:0:0:0:1 - [11/Jul/2019:21:28:28 +0800] null null 400 2255 1
- 0:0:0:0:0:0:0:1 - [11/Jul/2019:21:28:28 +0800] null null 400 2255 1
- 0:0:0:0:0:0:0:1 - [11/Jul/2019:21:28:28 +0800] null null 400 2255 0
- 127.0.0.1 - [11/Jul/2019:21:30:48 +0800] GET /test 200 6 47
- 127.0.0.1 - [11/Jul/2019:21:30:59 +0800] GET /test 200 6 2
- 127.0.0.1 - [11/Jul/2019:21:30:59 +0800] GET /favicon.ico 200 946 14
- 0:0:0:0:0:0:0:1 - [11/Jul/2019:21:31:09 +0800] GET /test 200 6 4
- 0:0:0:0:0:0:0:1 - [11/Jul/2019:21:31:10 +0800] GET /favicon.ico 200 946 3
- 0:0:0:0:0:0:0:1 - [11/Jul/2019:23:06:20 +0800] GET /test 200 6 88
- 0:0:0:0:0:0:0:1 - [11/Jul/2019:23:06:21 +0800] GET /favicon.ico 200 946 12
